<?xml version="1.0" encoding="UTF-8"?>
<!-- Generated by org.testng.reporters.JUnitReportReporter -->
<testsuite hostname="LIN20003534" failures="0" tests="1" name="com.java.advancedjava.concepts.StreamConcepts" time="0.014" errors="0" timestamp="2022-01-03T21:31:23 IST" skipped="0">
  <testcase classname="com.java.advancedjava.concepts.StreamConcepts" name="streamMap" time="0.014"/>
  <system-out/>
</testsuite> <!-- com.java.advancedjava.concepts.StreamConcepts -->
